{"level":"info","service":"wikisurge-api","config":"configs/config.dev.yaml","port":8080,"time":"2026-02-09T12:33:11-05:00","message":"Starting WikiSurge API Server"}
2026/02/09 12:33:11 Starting metrics server on port 2114
{"level":"info","service":"wikisurge-api","port":2114,"time":"2026-02-09T12:33:11-05:00","message":"Metrics server started"}
{"level":"info","service":"wikisurge-api","addr":"localhost:6379","time":"2026-02-09T12:33:11-05:00","message":"Connected to Redis"}
{"level":"info","service":"wikisurge-api","url":"http://localhost:9200","time":"2026-02-09T12:33:11-05:00","message":"Connected to Elasticsearch"}
2026/02/09 12:33:11 Hot pages cleanup started with interval: 5m0s
{"level":"info","service":"wikisurge-api","component":"api","time":"2026-02-09T12:33:11-05:00","message":"Redis sliding-window rate limiter enabled"}
{"level":"info","service":"wikisurge-api","component":"api","component":"alert-hub","time":"2026-02-09T12:33:11-05:00","message":"Alert hub started — single shared subscription"}
{"level":"info","service":"wikisurge-api","addr":":8080","time":"2026-02-09T12:33:11-05:00","message":"API server listening"}
{"level":"info","service":"wikisurge-api","component":"api","time":"2026-02-09T12:33:11-05:00","message":"Edit relay started — subscribing to Redis pub/sub for live edits"}
{"level":"info","service":"wikisurge-api","component":"api","remote":"[::1]:44614","time":"2026-02-09T12:33:13-05:00","message":"Alerts WebSocket client connected"}
{"level":"info","service":"wikisurge-api","component":"api","component":"websocket-hub","client":"c5ea4edc-1ce2-4d33-9612-417dcfc28265","ip":"[::1]","total":1,"time":"2026-02-09T12:33:13-05:00","message":"Client connected"}
{"level":"info","service":"wikisurge-api","component":"api","remote":"[::1]:44640","time":"2026-02-09T12:33:13-05:00","message":"Alerts WebSocket client connected"}
{"level":"info","service":"wikisurge-api","component":"api","remote":"[::1]:44652","time":"2026-02-09T12:33:15-05:00","message":"Alerts WebSocket client connected"}
{"level":"info","service":"wikisurge-api","component":"api","remote":"[::1]:44668","time":"2026-02-09T12:33:15-05:00","message":"Alerts WebSocket client connected"}
{"level":"info","service":"wikisurge-api","component":"api","component":"websocket-hub","client":"9a4fe56d-aa32-41aa-a3f8-adba7bf83d17","ip":"[::1]","total":2,"time":"2026-02-09T12:33:15-05:00","message":"Client connected"}
{"level":"info","service":"wikisurge-api","component":"api","component":"websocket-hub","client":"c5ea4edc-1ce2-4d33-9612-417dcfc28265","total":1,"time":"2026-02-09T12:34:28-05:00","message":"Client disconnected"}
{"level":"info","service":"wikisurge-api","component":"api","component":"websocket-hub","client":"9a4fe56d-aa32-41aa-a3f8-adba7bf83d17","total":0,"time":"2026-02-09T12:34:28-05:00","message":"Client disconnected"}
{"level":"info","service":"wikisurge-api","component":"api","remote":"[::1]:53502","time":"2026-02-09T12:34:31-05:00","message":"Alerts WebSocket client connected"}
{"level":"info","service":"wikisurge-api","component":"api","component":"websocket-hub","client":"fc746859-3a3e-4e41-9b93-3edce3f8e129","ip":"[::1]","total":1,"time":"2026-02-09T12:34:31-05:00","message":"Client connected"}
{"level":"info","service":"wikisurge-api","component":"api","component":"websocket-hub","client":"fc746859-3a3e-4e41-9b93-3edce3f8e129","total":0,"time":"2026-02-09T12:34:31-05:00","message":"Client disconnected"}
{"level":"info","service":"wikisurge-api","component":"api","remote":"[::1]:53516","time":"2026-02-09T12:34:31-05:00","message":"Alerts WebSocket client connected"}
{"level":"info","service":"wikisurge-api","component":"api","component":"websocket-hub","client":"540c1f85-18ba-4a58-9706-ce6ef1d0098f","ip":"[::1]","total":1,"time":"2026-02-09T12:34:31-05:00","message":"Client connected"}
{"level":"info","service":"wikisurge-api","component":"api","remote":"[::1]:53530","time":"2026-02-09T12:34:31-05:00","message":"Alerts WebSocket client connected"}
{"level":"info","service":"wikisurge-api","component":"api","component":"websocket-hub","client":"70b9567a-7162-452a-9e00-46484dfae9eb","ip":"[::1]","total":2,"time":"2026-02-09T12:34:34-05:00","message":"Client connected"}
{"level":"info","service":"wikisurge-api","component":"api","remote":"[::1]:53550","time":"2026-02-09T12:34:34-05:00","message":"Alerts WebSocket client connected"}
{"level":"info","service":"wikisurge-api","component":"api","remote":"[::1]:53560","time":"2026-02-09T12:34:35-05:00","message":"Alerts WebSocket client connected"}
{"level":"info","service":"wikisurge-api","component":"api","component":"websocket-hub","client":"70b9567a-7162-452a-9e00-46484dfae9eb","total":1,"time":"2026-02-09T12:34:44-05:00","message":"Client disconnected"}
{"level":"info","service":"wikisurge-api","component":"api","remote":"[::1]:56338","time":"2026-02-09T12:34:44-05:00","message":"Alerts WebSocket client connected"}
{"level":"info","service":"wikisurge-api","component":"api","remote":"[::1]:56340","time":"2026-02-09T12:34:44-05:00","message":"Alerts WebSocket client connected"}
{"level":"info","service":"wikisurge-api","component":"api","method":"GET","path":"/api/edit-wars","ip":"127.0.0.1:59722","status":200,"duration":3.358439,"response_bytes":238,"request_id":"","time":"2026-02-09T12:34:45-05:00","message":"request"}
{"level":"info","service":"wikisurge-api","component":"api","component":"websocket-hub","client":"22da2c8d-b113-47c4-a66f-c53f4d9432c6","ip":"[::1]","total":2,"time":"2026-02-09T12:34:47-05:00","message":"Client connected"}
{"level":"info","service":"wikisurge-api","component":"api","remote":"[::1]:56364","time":"2026-02-09T12:34:47-05:00","message":"Alerts WebSocket client connected"}
{"level":"info","service":"wikisurge-api","component":"api","remote":"[::1]:56380","time":"2026-02-09T12:34:47-05:00","message":"Alerts WebSocket client connected"}
{"level":"info","service":"wikisurge-api","component":"api","remote":"[::1]:56390","time":"2026-02-09T12:34:47-05:00","message":"Alerts WebSocket client connected"}
{"level":"info","service":"wikisurge-api","component":"api","component":"websocket-hub","client":"843f8f3f-a606-416c-89cb-5da8cfe214f7","ip":"[::1]","total":3,"time":"2026-02-09T12:34:47-05:00","message":"Client connected"}
{"level":"info","service":"wikisurge-api","component":"api","component":"websocket-hub","client":"843f8f3f-a606-416c-89cb-5da8cfe214f7","total":2,"time":"2026-02-09T12:34:47-05:00","message":"Client disconnected"}
{"level":"info","service":"wikisurge-api","component":"api","remote":"[::1]:56412","time":"2026-02-09T12:34:47-05:00","message":"Alerts WebSocket client connected"}
{"level":"info","service":"wikisurge-api","component":"api","component":"websocket-hub","client":"f9264ff4-00fb-43a7-81ba-1b07af10e3b0","ip":"[::1]","total":3,"time":"2026-02-09T12:34:47-05:00","message":"Client connected"}
{"level":"info","service":"wikisurge-api","component":"api","remote":"[::1]:56434","time":"2026-02-09T12:34:47-05:00","message":"Alerts WebSocket client connected"}
{"level":"info","service":"wikisurge-api","component":"api","method":"GET","path":"/api/stats","ip":"127.0.0.1:59900","status":200,"duration":0.08622,"response_bytes":385,"request_id":"","time":"2026-02-09T12:34:48-05:00","message":"request"}
{"level":"info","service":"wikisurge-api","component":"api","remote":"[::1]:40200","time":"2026-02-09T12:34:50-05:00","message":"Alerts WebSocket client connected"}
{"level":"info","service":"wikisurge-api","component":"api","remote":"[::1]:40206","time":"2026-02-09T12:34:50-05:00","message":"Alerts WebSocket client connected"}
{"level":"info","service":"wikisurge-api","component":"api","component":"websocket-hub","client":"afdb4ce6-b1d2-44b9-b8a0-ba2b10f0b1f8","ip":"[::1]","total":4,"time":"2026-02-09T12:34:50-05:00","message":"Client connected"}
{"level":"info","service":"wikisurge-api","component":"api","remote":"[::1]:40228","time":"2026-02-09T12:34:50-05:00","message":"Alerts WebSocket client connected"}
{"level":"info","service":"wikisurge-api","component":"api","method":"GET","path":"/ws/alerts","ip":"[::1]:40228","status":200,"duration":0.117364,"response_bytes":0,"request_id":"","time":"2026-02-09T12:34:50-05:00","message":"request"}
{"level":"info","service":"wikisurge-api","component":"api","method":"GET","path":"/api/stats","ip":"127.0.0.1:51106","status":200,"duration":0.054802,"response_bytes":388,"request_id":"","time":"2026-02-09T12:35:01-05:00","message":"request"}
{"level":"info","service":"wikisurge-api","component":"api","remote":"[::1]:59518","time":"2026-02-09T12:35:04-05:00","message":"Alerts WebSocket client connected"}
