{"level":"info","component":"ingestor","config_path":"configs/config.dev.yaml","verbose":false,"time":"2026-02-11T12:23:23-05:00","message":"Starting Wikipedia ingestor"}
{"level":"info","component":"ingestor","time":"2026-02-11T12:23:23-05:00","message":"Metrics initialized"}
{"level":"info","component":"ingestor","component":"kafka-producer","brokers":["localhost:19092"],"topic":"wikipedia.edits","buffer_size":1000,"batch_size":100,"flush_interval":100,"time":"2026-02-11T12:23:23-05:00","message":"Kafka producer created"}
{"level":"info","component":"ingestor","component":"kafka-producer","time":"2026-02-11T12:23:23-05:00","message":"Kafka producer started"}
{"level":"info","component":"ingestor","component":"sse-client","time":"2026-02-11T12:23:23-05:00","message":"Establishing SSE connection to Wikipedia EventStreams"}
{"level":"info","component":"ingestor","port":2112,"time":"2026-02-11T12:23:23-05:00","message":"Starting metrics server"}
2026/02/11 12:23:23 Starting metrics server on port 2112
{"level":"info","component":"ingestor","component":"sse-client","time":"2026-02-11T12:23:24-05:00","message":"SSE connection established successfully"}
{"level":"info","component":"ingestor","component":"sse-client","time":"2026-02-11T12:23:24-05:00","message":"Starting Wikipedia SSE client"}
{"level":"info","component":"ingestor","component":"sse-client","time":"2026-02-11T12:23:24-05:00","message":"Started processing SSE events"}
{"level":"info","component":"ingestor","time":"2026-02-11T12:23:24-05:00","message":"Wikipedia ingestor started successfully"}
{"level":"info","component":"ingestor","metrics_url":"http://localhost:2112/metrics","time":"2026-02-11T12:23:24-05:00","message":"Metrics available at endpoint"}
{"level":"warn","component":"ingestor","component":"sse-client","hits":100,"time":"2026-02-11T12:23:28-05:00","message":"Rate limiter hit 100 times"}
{"level":"warn","component":"ingestor","component":"sse-client","hits":200,"time":"2026-02-11T12:23:31-05:00","message":"Rate limiter hit 100 times"}
{"level":"warn","component":"ingestor","component":"sse-client","hits":300,"time":"2026-02-11T12:23:36-05:00","message":"Rate limiter hit 100 times"}
{"level":"warn","component":"ingestor","component":"sse-client","hits":400,"time":"2026-02-11T12:23:38-05:00","message":"Rate limiter hit 100 times"}
{"level":"warn","component":"ingestor","component":"sse-client","hits":500,"time":"2026-02-11T12:23:42-05:00","message":"Rate limiter hit 100 times"}
{"level":"warn","component":"ingestor","component":"sse-client","hits":600,"time":"2026-02-11T12:23:47-05:00","message":"Rate limiter hit 100 times"}
{"level":"warn","component":"ingestor","component":"sse-client","hits":700,"time":"2026-02-11T12:23:49-05:00","message":"Rate limiter hit 100 times"}
{"level":"warn","component":"ingestor","component":"sse-client","hits":800,"time":"2026-02-11T12:23:53-05:00","message":"Rate limiter hit 100 times"}
{"level":"warn","component":"ingestor","component":"sse-client","hits":900,"time":"2026-02-11T12:23:57-05:00","message":"Rate limiter hit 100 times"}
{"level":"warn","component":"ingestor","component":"sse-client","hits":1000,"time":"2026-02-11T12:24:00-05:00","message":"Rate limiter hit 100 times"}
{"level":"warn","component":"ingestor","component":"sse-client","hits":1100,"time":"2026-02-11T12:24:03-05:00","message":"Rate limiter hit 100 times"}
{"level":"warn","component":"ingestor","component":"sse-client","hits":1200,"time":"2026-02-11T12:24:07-05:00","message":"Rate limiter hit 100 times"}
{"level":"warn","component":"ingestor","component":"sse-client","hits":1300,"time":"2026-02-11T12:24:09-05:00","message":"Rate limiter hit 100 times"}
{"level":"warn","component":"ingestor","component":"sse-client","hits":1400,"time":"2026-02-11T12:24:13-05:00","message":"Rate limiter hit 100 times"}
{"level":"warn","component":"ingestor","component":"sse-client","hits":1500,"time":"2026-02-11T12:24:15-05:00","message":"Rate limiter hit 100 times"}
{"level":"warn","component":"ingestor","component":"sse-client","hits":1600,"time":"2026-02-11T12:24:17-05:00","message":"Rate limiter hit 100 times"}
{"level":"warn","component":"ingestor","component":"sse-client","hits":1700,"time":"2026-02-11T12:24:20-05:00","message":"Rate limiter hit 100 times"}
{"level":"warn","component":"ingestor","component":"sse-client","hits":1800,"time":"2026-02-11T12:24:24-05:00","message":"Rate limiter hit 100 times"}
{"level":"warn","component":"ingestor","component":"sse-client","hits":1900,"time":"2026-02-11T12:24:27-05:00","message":"Rate limiter hit 100 times"}
{"level":"warn","component":"ingestor","component":"sse-client","hits":2000,"time":"2026-02-11T12:24:30-05:00","message":"Rate limiter hit 100 times"}
{"level":"warn","component":"ingestor","component":"sse-client","hits":2100,"time":"2026-02-11T12:24:33-05:00","message":"Rate limiter hit 100 times"}
{"level":"warn","component":"ingestor","component":"sse-client","hits":2200,"time":"2026-02-11T12:24:37-05:00","message":"Rate limiter hit 100 times"}
{"level":"warn","component":"ingestor","component":"sse-client","hits":2300,"time":"2026-02-11T12:24:40-05:00","message":"Rate limiter hit 100 times"}
{"level":"warn","component":"ingestor","component":"sse-client","hits":2400,"time":"2026-02-11T12:24:42-05:00","message":"Rate limiter hit 100 times"}
{"level":"warn","component":"ingestor","component":"sse-client","hits":2500,"time":"2026-02-11T12:24:44-05:00","message":"Rate limiter hit 100 times"}
{"level":"warn","component":"ingestor","component":"sse-client","hits":2600,"time":"2026-02-11T12:24:48-05:00","message":"Rate limiter hit 100 times"}
{"level":"warn","component":"ingestor","component":"sse-client","hits":2700,"time":"2026-02-11T12:24:51-05:00","message":"Rate limiter hit 100 times"}
{"level":"warn","component":"ingestor","component":"sse-client","hits":2800,"time":"2026-02-11T12:24:55-05:00","message":"Rate limiter hit 100 times"}
{"level":"warn","component":"ingestor","component":"sse-client","hits":2900,"time":"2026-02-11T12:24:57-05:00","message":"Rate limiter hit 100 times"}
{"level":"warn","component":"ingestor","component":"sse-client","hits":3000,"time":"2026-02-11T12:25:01-05:00","message":"Rate limiter hit 100 times"}
{"level":"warn","component":"ingestor","component":"sse-client","hits":3100,"time":"2026-02-11T12:25:05-05:00","message":"Rate limiter hit 100 times"}
{"level":"warn","component":"ingestor","component":"sse-client","hits":3200,"time":"2026-02-11T12:25:08-05:00","message":"Rate limiter hit 100 times"}
{"level":"warn","component":"ingestor","component":"sse-client","hits":3300,"time":"2026-02-11T12:25:10-05:00","message":"Rate limiter hit 100 times"}
{"level":"warn","component":"ingestor","component":"sse-client","hits":3400,"time":"2026-02-11T12:25:13-05:00","message":"Rate limiter hit 100 times"}
{"level":"warn","component":"ingestor","component":"sse-client","hits":3500,"time":"2026-02-11T12:25:15-05:00","message":"Rate limiter hit 100 times"}
{"level":"warn","component":"ingestor","component":"sse-client","hits":3600,"time":"2026-02-11T12:25:18-05:00","message":"Rate limiter hit 100 times"}
{"level":"warn","component":"ingestor","component":"sse-client","hits":3700,"time":"2026-02-11T12:25:20-05:00","message":"Rate limiter hit 100 times"}
{"level":"warn","component":"ingestor","component":"sse-client","hits":3800,"time":"2026-02-11T12:25:23-05:00","message":"Rate limiter hit 100 times"}
{"level":"warn","component":"ingestor","component":"sse-client","hits":3900,"time":"2026-02-11T12:25:25-05:00","message":"Rate limiter hit 100 times"}
{"level":"warn","component":"ingestor","component":"sse-client","hits":4000,"time":"2026-02-11T12:25:28-05:00","message":"Rate limiter hit 100 times"}
{"level":"warn","component":"ingestor","component":"sse-client","hits":4100,"time":"2026-02-11T12:25:31-05:00","message":"Rate limiter hit 100 times"}
{"level":"warn","component":"ingestor","component":"sse-client","hits":4200,"time":"2026-02-11T12:25:34-05:00","message":"Rate limiter hit 100 times"}
