{"level":"info","service":"wikisurge-processor","version":"1.0.0","config":"configs/config.dev.yaml","time":"2026-02-11T12:23:22-05:00","message":"Starting WikiSurge Processor"}
{"level":"info","service":"wikisurge-processor","version":"1.0.0","time":"2026-02-11T12:23:22-05:00","message":"Connected to Redis"}
{"level":"info","service":"wikisurge-processor","version":"1.0.0","time":"2026-02-11T12:23:22-05:00","message":"Initialized HotPageTracker"}
{"level":"info","service":"wikisurge-processor","version":"1.0.0","time":"2026-02-11T12:23:22-05:00","message":"Initialized TrendingScorer with pruning"}
2026/02/11 12:23:22 Hot pages cleanup started with interval: 5m0s
{"level":"warn","service":"wikisurge-processor","version":"1.0.0","error":"failed to ping ES: read tcp 127.0.0.1:45416->127.0.0.1:9200: read: connection reset by peer","attempt":1,"time":"2026-02-11T12:23:25-05:00","message":"Elasticsearch not ready, retrying"}
{"level":"warn","service":"wikisurge-processor","version":"1.0.0","error":"failed to ping ES: read tcp 127.0.0.1:45502->127.0.0.1:9200: read: connection reset by peer","attempt":2,"time":"2026-02-11T12:23:30-05:00","message":"Elasticsearch not ready, retrying"}
{"level":"warn","service":"wikisurge-processor","version":"1.0.0","error":"failed to ping ES: read tcp 127.0.0.1:45508->127.0.0.1:9200: read: connection reset by peer","attempt":3,"time":"2026-02-11T12:23:35-05:00","message":"Elasticsearch not ready, retrying"}
{"level":"warn","service":"wikisurge-processor","version":"1.0.0","error":"failed to ping ES: read tcp 127.0.0.1:45582->127.0.0.1:9200: read: connection reset by peer","attempt":4,"time":"2026-02-11T12:23:40-05:00","message":"Elasticsearch not ready, retrying"}
{"level":"warn","service":"wikisurge-processor","version":"1.0.0","error":"failed to ping ES: read tcp 127.0.0.1:46470->127.0.0.1:9200: read: connection reset by peer","attempt":5,"time":"2026-02-11T12:23:45-05:00","message":"Elasticsearch not ready, retrying"}
{"level":"info","service":"wikisurge-processor","version":"1.0.0","time":"2026-02-11T12:23:49-05:00","message":"Connected to Elasticsearch"}
{"level":"info","service":"wikisurge-processor","version":"1.0.0","time":"2026-02-11T12:23:49-05:00","message":"WebSocket hub started"}
{"level":"info","service":"wikisurge-processor","version":"1.0.0","time":"2026-02-11T12:23:49-05:00","message":"Initialized SpikeDetector"}
{"level":"info","service":"wikisurge-processor","version":"1.0.0","time":"2026-02-11T12:23:49-05:00","message":"Initialized EditWarDetector"}
{"level":"info","service":"wikisurge-processor","version":"1.0.0","time":"2026-02-11T12:23:49-05:00","message":"Initialized TrendingAggregator with StatsTracker"}
2026/02/11 12:23:49 Loaded 0 pages from indexing watchlist
{"level":"info","service":"wikisurge-processor","version":"1.0.0","component":"selective-indexer","buffer_size":1000,"batch_size":500,"flush_interval":5000,"time":"2026-02-11T12:23:49-05:00","message":"Selective indexer bulk processor started"}
{"level":"info","service":"wikisurge-processor","version":"1.0.0","time":"2026-02-11T12:23:49-05:00","message":"Initialized SelectiveIndexer"}
{"level":"info","service":"wikisurge-processor","version":"1.0.0","time":"2026-02-11T12:23:49-05:00","message":"Initialized WebSocketForwarder"}
{"level":"info","service":"wikisurge-processor","version":"1.0.0","port":2113,"time":"2026-02-11T12:23:49-05:00","message":"Metrics server started"}
{"level":"info","service":"wikisurge-processor","version":"1.0.0","component":"kafka_consumer","group":"spike-detector","time":"2026-02-11T12:23:49-05:00","message":"Starting Kafka consumer"}
{"level":"info","service":"wikisurge-processor","version":"1.0.0","consumer":"spike-detector","time":"2026-02-11T12:23:49-05:00","message":"Kafka consumer started"}
{"level":"info","service":"wikisurge-processor","version":"1.0.0","component":"kafka_consumer","group":"trending-aggregator","time":"2026-02-11T12:23:49-05:00","message":"Starting Kafka consumer"}
{"level":"info","service":"wikisurge-processor","version":"1.0.0","consumer":"trending-aggregator","time":"2026-02-11T12:23:49-05:00","message":"Kafka consumer started"}
{"level":"info","service":"wikisurge-processor","version":"1.0.0","component":"kafka_consumer","group":"edit-war-detector","time":"2026-02-11T12:23:49-05:00","message":"Starting Kafka consumer"}
{"level":"info","service":"wikisurge-processor","version":"1.0.0","consumer":"edit-war-detector","time":"2026-02-11T12:23:49-05:00","message":"Kafka consumer started"}
{"level":"info","service":"wikisurge-processor","version":"1.0.0","component":"kafka_consumer","group":"elasticsearch-indexer","time":"2026-02-11T12:23:49-05:00","message":"Starting Kafka consumer"}
{"level":"info","service":"wikisurge-processor","version":"1.0.0","consumer":"elasticsearch-indexer","time":"2026-02-11T12:23:49-05:00","message":"Kafka consumer started"}
{"level":"info","service":"wikisurge-processor","version":"1.0.0","component":"kafka_consumer","group":"websocket-forwarder","time":"2026-02-11T12:23:49-05:00","message":"Starting Kafka consumer"}
{"level":"info","service":"wikisurge-processor","version":"1.0.0","consumer":"websocket-forwarder","time":"2026-02-11T12:23:49-05:00","message":"Kafka consumer started"}
{"level":"info","service":"wikisurge-processor","version":"1.0.0","time":"2026-02-11T12:23:49-05:00","message":"Health monitoring started (30s interval)"}
{"level":"info","service":"wikisurge-processor","version":"1.0.0","time":"2026-02-11T12:23:49-05:00","message":"All consumers started successfully — processor is running"}
{"level":"error","service":"wikisurge-processor","version":"1.0.0","time":"2026-02-11T12:23:50-05:00","message":"Failed to join group spike-detector: [16] Not Coordinator For Group: the broker returns this error code if it receives an offset fetch or commit request for a group that it is not a coordinator for"}
{"level":"error","service":"wikisurge-processor","version":"1.0.0","time":"2026-02-11T12:23:50-05:00","message":"Failed to join group websocket-forwarder: [16] Not Coordinator For Group: the broker returns this error code if it receives an offset fetch or commit request for a group that it is not a coordinator for"}
{"level":"error","service":"wikisurge-processor","version":"1.0.0","time":"2026-02-11T12:23:50-05:00","message":"[16] Not Coordinator For Group: the broker returns this error code if it receives an offset fetch or commit request for a group that it is not a coordinator for"}
{"level":"error","service":"wikisurge-processor","version":"1.0.0","time":"2026-02-11T12:23:50-05:00","message":"Failed to join group elasticsearch-indexer: [16] Not Coordinator For Group: the broker returns this error code if it receives an offset fetch or commit request for a group that it is not a coordinator for"}
{"level":"error","service":"wikisurge-processor","version":"1.0.0","time":"2026-02-11T12:23:50-05:00","message":"[16] Not Coordinator For Group: the broker returns this error code if it receives an offset fetch or commit request for a group that it is not a coordinator for"}
{"level":"error","service":"wikisurge-processor","version":"1.0.0","time":"2026-02-11T12:23:50-05:00","message":"Failed to join group trending-aggregator: [16] Not Coordinator For Group: the broker returns this error code if it receives an offset fetch or commit request for a group that it is not a coordinator for"}
{"level":"error","service":"wikisurge-processor","version":"1.0.0","time":"2026-02-11T12:23:50-05:00","message":"Failed to join group edit-war-detector: [16] Not Coordinator For Group: the broker returns this error code if it receives an offset fetch or commit request for a group that it is not a coordinator for"}
{"level":"error","service":"wikisurge-processor","version":"1.0.0","time":"2026-02-11T12:23:50-05:00","message":"[16] Not Coordinator For Group: the broker returns this error code if it receives an offset fetch or commit request for a group that it is not a coordinator for"}
{"level":"error","service":"wikisurge-processor","version":"1.0.0","time":"2026-02-11T12:23:50-05:00","message":"[16] Not Coordinator For Group: the broker returns this error code if it receives an offset fetch or commit request for a group that it is not a coordinator for"}
{"level":"error","service":"wikisurge-processor","version":"1.0.0","time":"2026-02-11T12:23:50-05:00","message":"[16] Not Coordinator For Group: the broker returns this error code if it receives an offset fetch or commit request for a group that it is not a coordinator for"}
2026/02/11 12:23:55 Page promoted to hot tracking: 1996 Pacific hurricane season
2026/02/11 12:23:58 Page promoted to hot tracking: Aoric
2026/02/11 12:24:03 Page promoted to hot tracking: Primer Imperio francés
2026/02/11 12:24:06 Bulk indexed 77 documents (77 success, 0 errors) in 1.414324759s
2026/02/11 12:24:09 Bulk indexed 15 documents (15 success, 0 errors) in 46.169109ms
2026/02/11 12:24:13 Page promoted to hot tracking: Ice hockey equipment
2026/02/11 12:24:14 Bulk indexed 14 documents (14 success, 0 errors) in 46.841876ms
2026/02/11 12:24:19 Bulk indexed 11 documents (11 success, 0 errors) in 30.61423ms
2026/02/11 12:24:24 Bulk indexed 15 documents (15 success, 0 errors) in 78.434918ms
2026/02/11 12:24:29 Bulk indexed 6 documents (6 success, 0 errors) in 31.304738ms
2026/02/11 12:24:30 Page promoted to hot tracking: List of artists who reached number one on the Japan Hot 100
2026/02/11 12:24:34 Bulk indexed 5 documents (5 success, 0 errors) in 31.013609ms
2026/02/11 12:24:37 Page promoted to hot tracking: Doc Bushong
2026/02/11 12:24:39 Page promoted to hot tracking: Usuario:Althair/PaginasFavoritas
2026/02/11 12:24:39 Bulk indexed 7 documents (7 success, 0 errors) in 24.766125ms
2026/02/11 12:24:43 Page promoted to hot tracking: Sault Ste. Marie Airport
2026/02/11 12:24:44 Bulk indexed 15 documents (15 success, 0 errors) in 35.361657ms
2026/02/11 12:24:45 Page promoted to hot tracking: Star Wars
2026/02/11 12:24:48 Page promoted to hot tracking: 2026 Cavalry FC season
2026/02/11 12:24:49 Bulk indexed 6 documents (6 success, 0 errors) in 36.929821ms
2026/02/11 12:24:51 Page promoted to hot tracking: 1996 Pacific hurricane season
2026/02/11 12:24:54 Bulk indexed 12 documents (12 success, 0 errors) in 54.420598ms
2026/02/11 12:24:57 Page promoted to hot tracking: File:The Late Bourgeois World (cover 1st edition).jpg
2026/02/11 12:24:58 Page promoted to hot tracking: Bélisaire Ledain
2026/02/11 12:24:59 Bulk indexed 13 documents (13 success, 0 errors) in 31.672457ms
2026/02/11 12:25:00 Page promoted to hot tracking: Utilisateur:Roland45/Brouillon46
2026/02/11 12:25:03 Page promoted to hot tracking: Tony Haygarth
2026/02/11 12:25:04 Bulk indexed 7 documents (7 success, 0 errors) in 26.925582ms
2026/02/11 12:25:05 Page promoted to hot tracking: Basketball at the 2026 Asian Games
2026/02/11 12:25:08 Page promoted to hot tracking: Hyundai Kona
2026/02/11 12:25:09 Bulk indexed 8 documents (8 success, 0 errors) in 47.709579ms
2026/02/11 12:25:14 Page promoted to hot tracking: Nekrolog Februar 2026
2026/02/11 12:25:14 Bulk indexed 9 documents (9 success, 0 errors) in 32.855751ms
2026/02/11 12:25:17 Page promoted to hot tracking: 2025–26 Ranji Trophy
2026/02/11 12:25:18 Page promoted to hot tracking: Cono axónico
2026/02/11 12:25:19 Bulk indexed 14 documents (14 success, 0 errors) in 59.383949ms
2026/02/11 12:25:20 Page promoted to hot tracking: User talk:~2026-92105-8
2026/02/11 12:25:21 Page promoted to hot tracking: Women in ancient Sparta
2026/02/11 12:25:24 Bulk indexed 6 documents (6 success, 0 errors) in 19.545427ms
2026/02/11 12:25:25 Page promoted to hot tracking: Januaria
2026/02/11 12:25:27 Page promoted to hot tracking: List of England Twenty20 International cricket records
2026/02/11 12:25:28 Page promoted to hot tracking: Wikipédia:Demande de suppression immédiate
2026/02/11 12:25:29 Bulk indexed 13 documents (13 success, 0 errors) in 27.800951ms
2026/02/11 12:25:31 Page promoted to hot tracking: Tony Haygarth
2026/02/11 12:25:31 Page promoted to hot tracking: 1996 Pacific hurricane season
{"level":"info","service":"wikisurge-processor","version":"1.0.0","component":"spike_detector","page":"1996 Pacific hurricane season","ratio":5.999999999999999,"severity":"low","time":"2026-02-11T12:25:31-05:00","message":"Spike detected"}
2026/02/11 12:25:31 Page promoted to hot tracking: Vasco-ibérisme
2026/02/11 12:25:31 Page promoted to hot tracking: List of artists who reached number one on the Japan Hot 100
2026/02/11 12:25:32 Page promoted to hot tracking: Utilisateur:Roland45/Brouillon46
2026/02/11 12:25:34 Bulk indexed 14 documents (14 success, 0 errors) in 27.520621ms
2026/02/11 12:25:35 Page promoted to hot tracking: Talk:2026 United States Senate election in Colorado
2026/02/11 12:25:36 Page promoted to hot tracking: 1996 Pacific hurricane season
{"level":"info","service":"wikisurge-processor","version":"1.0.0","component":"spike_detector","page":"1996 Pacific hurricane season","ratio":8,"severity":"low","time":"2026-02-11T12:25:36-05:00","message":"Spike detected"}
2026/02/11 12:25:36 Page promoted to hot tracking: Jean-Luc Brunel
